<?xml version="1.0" encoding="UTF-8" ?>
<testsuite tests="5" failures="3" name="esi.uclm.gepi.Dominio.GestorPersonaTest" time="1.679" errors="1" skipped="0">
  <properties>
    <property name="java.runtime.name" value="Java(TM) SE Runtime Environment"/>
    <property name="sun.boot.library.path" value="C:\Program Files\Java\jdk1.8.0_301\jre\bin"/>
    <property name="java.vm.version" value="25.301-b09"/>
    <property name="java.vm.vendor" value="Oracle Corporation"/>
    <property name="maven.multiModuleProjectDirectory" value="C:\Users\05739349\OneDrive - Universidad de Castilla-La Mancha\git\ISO2-2122-BC.02\Gepi"/>
    <property name="java.vendor.url" value="http://java.oracle.com/"/>
    <property name="path.separator" value=";"/>
    <property name="guice.disable.misplaced.annotation.check" value="true"/>
    <property name="java.vm.name" value="Java HotSpot(TM) 64-Bit Server VM"/>
    <property name="file.encoding.pkg" value="sun.io"/>
    <property name="user.script" value=""/>
    <property name="user.country" value="ES"/>
    <property name="sun.java.launcher" value="SUN_STANDARD"/>
    <property name="sun.os.patch.level" value=""/>
    <property name="java.vm.specification.name" value="Java Virtual Machine Specification"/>
    <property name="user.dir" value="C:\Users\05739349\OneDrive - Universidad de Castilla-La Mancha\git\ISO2-2122-BC.02\Gepi"/>
    <property name="java.runtime.version" value="1.8.0_301-b09"/>
    <property name="java.awt.graphicsenv" value="sun.awt.Win32GraphicsEnvironment"/>
    <property name="java.endorsed.dirs" value="C:\Program Files\Java\jdk1.8.0_301\jre\lib\endorsed"/>
    <property name="os.arch" value="amd64"/>
    <property name="java.io.tmpdir" value="C:\cygwin64\tmp\"/>
    <property name="line.separator" value="
"/>
    <property name="java.vm.specification.vendor" value="Oracle Corporation"/>
    <property name="user.variant" value=""/>
    <property name="os.name" value="Windows 10"/>
    <property name="classworlds.conf" value="C:\apache-maven-3.8.4/bin/m2.conf"/>
    <property name="sun.jnu.encoding" value="Cp1252"/>
    <property name="java.library.path" value="C:\Program Files\Java\jdk1.8.0_301\bin;C:\WINDOWS\Sun\Java\bin;C:\WINDOWS\system32;C:\WINDOWS;C:\cygwin64\usr\local\bin;C:\cygwin64\bin;C:\cygwin64\bin;C:\Program Files (x86)\Common Files\Oracle\Java\javapath;C:\Program Files\Python310\Scripts;C:\Program Files\Python310;C:\WINDOWS\system32;C:\WINDOWS;C:\WINDOWS\System32\Wbem;C:\WINDOWS\System32\WindowsPowerShell\v1.0;C:\WINDOWS\System32\OpenSSH;C:\Program Files (x86)\Windows Live\Shared;C:\Program Files\dotnet;C:\Program Files\Git\cmd;C:\apache-maven-3.8.4\bin;C:\Program Files\Java\jdk1.8.0_301\bin;C:\Users\05739349\AppData\Local\Microsoft\WindowsApps;C:\Users\05739349\AppData\Local\Programs\Microsoft VS Code\bin;C:\Users\05739349\AppData\Local\GitHubDesktop\bin;C:\Users\05739349\AppData\Roaming\Python\Python310\Scripts;."/>
    <property name="maven.conf" value="C:\apache-maven-3.8.4/conf"/>
    <property name="java.specification.name" value="Java Platform API Specification"/>
    <property name="java.class.version" value="52.0"/>
    <property name="sun.management.compiler" value="HotSpot 64-Bit Tiered Compilers"/>
    <property name="os.version" value="10.0"/>
    <property name="library.jansi.path" value="C:\apache-maven-3.8.4/lib/jansi-native"/>
    <property name="user.home" value="C:\Users\05739349"/>
    <property name="user.timezone" value="Europe/Paris"/>
    <property name="java.awt.printerjob" value="sun.awt.windows.WPrinterJob"/>
    <property name="java.specification.version" value="1.8"/>
    <property name="file.encoding" value="Cp1252"/>
    <property name="user.name" value="05739349"/>
    <property name="java.class.path" value="C:\apache-maven-3.8.4\boot\plexus-classworlds-2.6.0.jar"/>
    <property name="java.vm.specification.version" value="1.8"/>
    <property name="sun.arch.data.model" value="64"/>
    <property name="java.home" value="C:\Program Files\Java\jdk1.8.0_301\jre"/>
    <property name="sun.java.command" value="org.codehaus.plexus.classworlds.launcher.Launcher site:site"/>
    <property name="java.specification.vendor" value="Oracle Corporation"/>
    <property name="user.language" value="es"/>
    <property name="awt.toolkit" value="sun.awt.windows.WToolkit"/>
    <property name="java.vm.info" value="mixed mode"/>
    <property name="java.version" value="1.8.0_301"/>
    <property name="java.ext.dirs" value="C:\Program Files\Java\jdk1.8.0_301\jre\lib\ext;C:\WINDOWS\Sun\Java\lib\ext"/>
    <property name="sun.boot.class.path" value="C:\Program Files\Java\jdk1.8.0_301\jre\lib\resources.jar;C:\Program Files\Java\jdk1.8.0_301\jre\lib\rt.jar;C:\Program Files\Java\jdk1.8.0_301\jre\lib\sunrsasign.jar;C:\Program Files\Java\jdk1.8.0_301\jre\lib\jsse.jar;C:\Program Files\Java\jdk1.8.0_301\jre\lib\jce.jar;C:\Program Files\Java\jdk1.8.0_301\jre\lib\charsets.jar;C:\Program Files\Java\jdk1.8.0_301\jre\lib\jfr.jar;C:\Program Files\Java\jdk1.8.0_301\jre\classes"/>
    <property name="sun.stderr.encoding" value="cp850"/>
    <property name="java.vendor" value="Oracle Corporation"/>
    <property name="maven.home" value="C:\apache-maven-3.8.4"/>
    <property name="file.separator" value="\"/>
    <property name="java.vendor.url.bug" value="http://bugreport.sun.com/bugreport/"/>
    <property name="sun.cpu.endian" value="little"/>
    <property name="sun.io.unicode.encoding" value="UnicodeLittle"/>
    <property name="sun.stdout.encoding" value="cp850"/>
    <property name="sun.desktop" value="windows"/>
    <property name="sun.cpu.isalist" value="amd64"/>
  </properties>
  <testcase classname="esi.uclm.gepi.Dominio.GestorPersonaTest" name="testInsertarPersona" time="1.055">
    <error message="Duplicate entry &apos;0&apos; for key &apos;PRIMARY&apos;" type="java.sql.SQLIntegrityConstraintViolationException">java.sql.SQLIntegrityConstraintViolationException: Duplicate entry &apos;0&apos; for key &apos;PRIMARY&apos;
	at com.mysql.cj.jdbc.exceptions.SQLError.createSQLException(SQLError.java:117)
	at com.mysql.cj.jdbc.exceptions.SQLError.createSQLException(SQLError.java:97)
	at com.mysql.cj.jdbc.exceptions.SQLExceptionsMapping.translateException(SQLExceptionsMapping.java:122)
	at com.mysql.cj.jdbc.ClientPreparedStatement.executeInternal(ClientPreparedStatement.java:953)
	at com.mysql.cj.jdbc.ClientPreparedStatement.executeUpdateInternal(ClientPreparedStatement.java:1092)
	at com.mysql.cj.jdbc.ClientPreparedStatement.executeUpdateInternal(ClientPreparedStatement.java:1040)
	at com.mysql.cj.jdbc.ClientPreparedStatement.executeLargeUpdate(ClientPreparedStatement.java:1347)
	at com.mysql.cj.jdbc.ClientPreparedStatement.executeUpdate(ClientPreparedStatement.java:1025)
	at esi.uclm.gepi.Persistencia.Agente.insert(Agente.java:53)
	at esi.uclm.gepi.Dominio.GestorPersona.insertarPersona(GestorPersona.java:71)
	at esi.uclm.gepi.Dominio.GestorPersonaTest.testInsertarPersona(GestorPersonaTest.java:98)
	at sun.reflect.NativeMethodAccessorImpl.invoke0(Native Method)
	at sun.reflect.NativeMethodAccessorImpl.invoke(NativeMethodAccessorImpl.java:62)
	at sun.reflect.DelegatingMethodAccessorImpl.invoke(DelegatingMethodAccessorImpl.java:43)
	at java.lang.reflect.Method.invoke(Method.java:498)
	at org.junit.runners.model.FrameworkMethod$1.runReflectiveCall(FrameworkMethod.java:50)
	at org.junit.internal.runners.model.ReflectiveCallable.run(ReflectiveCallable.java:12)
	at org.junit.runners.model.FrameworkMethod.invokeExplosively(FrameworkMethod.java:47)
	at org.junit.internal.runners.statements.InvokeMethod.evaluate(InvokeMethod.java:17)
	at org.junit.internal.runners.statements.RunBefores.evaluate(RunBefores.java:26)
	at org.junit.internal.runners.statements.RunAfters.evaluate(RunAfters.java:27)
	at org.junit.runners.ParentRunner.runLeaf(ParentRunner.java:325)
	at org.junit.runners.BlockJUnit4ClassRunner.runChild(BlockJUnit4ClassRunner.java:78)
	at org.junit.runners.BlockJUnit4ClassRunner.runChild(BlockJUnit4ClassRunner.java:57)
	at org.junit.runners.ParentRunner$3.run(ParentRunner.java:290)
	at org.junit.runners.ParentRunner$1.schedule(ParentRunner.java:71)
	at org.junit.runners.ParentRunner.runChildren(ParentRunner.java:288)
	at org.junit.runners.ParentRunner.access$000(ParentRunner.java:58)
	at org.junit.runners.ParentRunner$2.evaluate(ParentRunner.java:268)
	at org.junit.internal.runners.statements.RunBefores.evaluate(RunBefores.java:26)
	at org.junit.internal.runners.statements.RunAfters.evaluate(RunAfters.java:27)
	at org.junit.runners.ParentRunner.run(ParentRunner.java:363)
	at org.apache.maven.surefire.junit4.JUnit4Provider.execute(JUnit4Provider.java:252)
	at org.apache.maven.surefire.junit4.JUnit4Provider.executeTestSet(JUnit4Provider.java:141)
	at org.apache.maven.surefire.junit4.JUnit4Provider.invoke(JUnit4Provider.java:112)
	at sun.reflect.NativeMethodAccessorImpl.invoke0(Native Method)
	at sun.reflect.NativeMethodAccessorImpl.invoke(NativeMethodAccessorImpl.java:62)
	at sun.reflect.DelegatingMethodAccessorImpl.invoke(DelegatingMethodAccessorImpl.java:43)
	at java.lang.reflect.Method.invoke(Method.java:498)
	at org.apache.maven.surefire.util.ReflectionUtils.invokeMethodWithArray(ReflectionUtils.java:189)
	at org.apache.maven.surefire.booter.ProviderFactory$ProviderProxy.invoke(ProviderFactory.java:165)
	at org.apache.maven.surefire.booter.ProviderFactory.invokeProvider(ProviderFactory.java:85)
	at org.apache.maven.surefire.booter.ForkedBooter.runSuitesInProcess(ForkedBooter.java:115)
	at org.apache.maven.surefire.booter.ForkedBooter.main(ForkedBooter.java:75)
</error>
    <system-out>insertarPersona
</system-out>
  </testcase>
  <testcase classname="esi.uclm.gepi.Dominio.GestorPersonaTest" name="testGetPersonas_0args" time="0.166">
    <failure message="expected:&lt;null&gt; but was:&lt;[[0, , , 0, 2021-12-10, false, false, false, false, false, false, false, ], [1, Diego, Alba Ruiz, 232323, 2021-12-02, true, true, true, false, true, true, false, no tiene], [2, Enrique, Alba Ruiz, 232323, 2021-12-02, false, true, true, true, true, true, true, no tiene], [3, Clara, Alba Ruiz, 232323, 2021-12-02, false, false, true, true, true, true, true, no tiene], [4, Jesus, Alba Ruiz, 232323, 2021-12-02, false, false, false, true, true, true, true, no tiene], [5, Alex, Alba Ruiz, 232323, 2021-12-02, false, false, false, false, true, true, true, no tiene], [6, Jesucristo, Alba Ruiz, 232323, 2021-12-02, false, false, false, false, false, true, true, no tiene], [7, Valdayo, Alba Ruiz, 232323, 2021-12-02, false, false, false, false, false, false, true, no tiene], [11, a, 1, 5545, 2021-02-02, false, false, false, false, false, false, false, no tiene], [666, Carlos, Alba, 66, 1948-12-02, true, true, true, true, true, true, true, no tiene], [1200, Enrique, Rubio, 662233, 1952-12-03, true, true, true, true, true, true, true, no tiene], [1234, Clara, Sacedon, 6987, 2001-08-19, true, false, false, true, false, true, false, no tiene], [2222, e, e, 5, 1920-10-02, true, true, true, true, true, true, true, no tiene], [9888, Diego, Ruiz, 666, 1233-12-16, true, false, true, false, true, false, true, no tiene], [9969, en, en, 6969, 1997-12-12, true, true, true, true, true, true, true, no tiene], [62000, Alejandro, Paniagua, 65652, 2021-07-31, false, false, false, true, false, true, false, no tiene], [98889, a, a, 6969, 1987-12-12, true, true, true, true, true, true, true, no tiene], [99999, e, e, 69, 1969-12-12, false, false, false, false, false, false, false, no tiene], [657657, Pepe, Rodriguez, 656523, 2021-05-22, true, true, true, true, true, true, true, no tiene], [696969, eldiego, alba, 696969, 1969-12-12, true, true, true, true, true, true, true, no tiene], [5720535, Enrique, Rubio, 666666, 1997-10-01, true, true, true, false, true, true, true, no tiene], [5720536, e, e, 69, 1932-12-06, true, true, true, true, true, true, true, no tiene], [57205357, a, a, 699, 1987-12-12, true, true, true, true, true, true, true, no tiene]]&gt;" type="java.lang.AssertionError">java.lang.AssertionError: expected:&lt;null&gt; but was:&lt;[[0, , , 0, 2021-12-10, false, false, false, false, false, false, false, ], [1, Diego, Alba Ruiz, 232323, 2021-12-02, true, true, true, false, true, true, false, no tiene], [2, Enrique, Alba Ruiz, 232323, 2021-12-02, false, true, true, true, true, true, true, no tiene], [3, Clara, Alba Ruiz, 232323, 2021-12-02, false, false, true, true, true, true, true, no tiene], [4, Jesus, Alba Ruiz, 232323, 2021-12-02, false, false, false, true, true, true, true, no tiene], [5, Alex, Alba Ruiz, 232323, 2021-12-02, false, false, false, false, true, true, true, no tiene], [6, Jesucristo, Alba Ruiz, 232323, 2021-12-02, false, false, false, false, false, true, true, no tiene], [7, Valdayo, Alba Ruiz, 232323, 2021-12-02, false, false, false, false, false, false, true, no tiene], [11, a, 1, 5545, 2021-02-02, false, false, false, false, false, false, false, no tiene], [666, Carlos, Alba, 66, 1948-12-02, true, true, true, true, true, true, true, no tiene], [1200, Enrique, Rubio, 662233, 1952-12-03, true, true, true, true, true, true, true, no tiene], [1234, Clara, Sacedon, 6987, 2001-08-19, true, false, false, true, false, true, false, no tiene], [2222, e, e, 5, 1920-10-02, true, true, true, true, true, true, true, no tiene], [9888, Diego, Ruiz, 666, 1233-12-16, true, false, true, false, true, false, true, no tiene], [9969, en, en, 6969, 1997-12-12, true, true, true, true, true, true, true, no tiene], [62000, Alejandro, Paniagua, 65652, 2021-07-31, false, false, false, true, false, true, false, no tiene], [98889, a, a, 6969, 1987-12-12, true, true, true, true, true, true, true, no tiene], [99999, e, e, 69, 1969-12-12, false, false, false, false, false, false, false, no tiene], [657657, Pepe, Rodriguez, 656523, 2021-05-22, true, true, true, true, true, true, true, no tiene], [696969, eldiego, alba, 696969, 1969-12-12, true, true, true, true, true, true, true, no tiene], [5720535, Enrique, Rubio, 666666, 1997-10-01, true, true, true, false, true, true, true, no tiene], [5720536, e, e, 69, 1932-12-06, true, true, true, true, true, true, true, no tiene], [57205357, a, a, 699, 1987-12-12, true, true, true, true, true, true, true, no tiene]]&gt;
	at org.junit.Assert.fail(Assert.java:88)
	at org.junit.Assert.failNotEquals(Assert.java:834)
	at org.junit.Assert.assertEquals(Assert.java:118)
	at org.junit.Assert.assertEquals(Assert.java:144)
	at esi.uclm.gepi.Dominio.GestorPersonaTest.testGetPersonas_0args(GestorPersonaTest.java:49)
	at sun.reflect.NativeMethodAccessorImpl.invoke0(Native Method)
	at sun.reflect.NativeMethodAccessorImpl.invoke(NativeMethodAccessorImpl.java:62)
	at sun.reflect.DelegatingMethodAccessorImpl.invoke(DelegatingMethodAccessorImpl.java:43)
	at java.lang.reflect.Method.invoke(Method.java:498)
	at org.junit.runners.model.FrameworkMethod$1.runReflectiveCall(FrameworkMethod.java:50)
	at org.junit.internal.runners.model.ReflectiveCallable.run(ReflectiveCallable.java:12)
	at org.junit.runners.model.FrameworkMethod.invokeExplosively(FrameworkMethod.java:47)
	at org.junit.internal.runners.statements.InvokeMethod.evaluate(InvokeMethod.java:17)
	at org.junit.internal.runners.statements.RunBefores.evaluate(RunBefores.java:26)
	at org.junit.internal.runners.statements.RunAfters.evaluate(RunAfters.java:27)
	at org.junit.runners.ParentRunner.runLeaf(ParentRunner.java:325)
	at org.junit.runners.BlockJUnit4ClassRunner.runChild(BlockJUnit4ClassRunner.java:78)
	at org.junit.runners.BlockJUnit4ClassRunner.runChild(BlockJUnit4ClassRunner.java:57)
	at org.junit.runners.ParentRunner$3.run(ParentRunner.java:290)
	at org.junit.runners.ParentRunner$1.schedule(ParentRunner.java:71)
	at org.junit.runners.ParentRunner.runChildren(ParentRunner.java:288)
	at org.junit.runners.ParentRunner.access$000(ParentRunner.java:58)
	at org.junit.runners.ParentRunner$2.evaluate(ParentRunner.java:268)
	at org.junit.internal.runners.statements.RunBefores.evaluate(RunBefores.java:26)
	at org.junit.internal.runners.statements.RunAfters.evaluate(RunAfters.java:27)
	at org.junit.runners.ParentRunner.run(ParentRunner.java:363)
	at org.apache.maven.surefire.junit4.JUnit4Provider.execute(JUnit4Provider.java:252)
	at org.apache.maven.surefire.junit4.JUnit4Provider.executeTestSet(JUnit4Provider.java:141)
	at org.apache.maven.surefire.junit4.JUnit4Provider.invoke(JUnit4Provider.java:112)
	at sun.reflect.NativeMethodAccessorImpl.invoke0(Native Method)
	at sun.reflect.NativeMethodAccessorImpl.invoke(NativeMethodAccessorImpl.java:62)
	at sun.reflect.DelegatingMethodAccessorImpl.invoke(DelegatingMethodAccessorImpl.java:43)
	at java.lang.reflect.Method.invoke(Method.java:498)
	at org.apache.maven.surefire.util.ReflectionUtils.invokeMethodWithArray(ReflectionUtils.java:189)
	at org.apache.maven.surefire.booter.ProviderFactory$ProviderProxy.invoke(ProviderFactory.java:165)
	at org.apache.maven.surefire.booter.ProviderFactory.invokeProvider(ProviderFactory.java:85)
	at org.apache.maven.surefire.booter.ForkedBooter.runSuitesInProcess(ForkedBooter.java:115)
	at org.apache.maven.surefire.booter.ForkedBooter.main(ForkedBooter.java:75)
</failure>
    <system-out>getPersonas
</system-out>
  </testcase>
  <testcase classname="esi.uclm.gepi.Dominio.GestorPersonaTest" name="testGetContactos" time="0.188">
    <failure message="expected:&lt;null&gt; but was:&lt;[[3, Clara, Alba Ruiz, 232323, 2021-12-02, false, false, true, true, true, true, true, no tiene], [666, Carlos, Alba, 66, 1948-12-02, true, true, true, true, true, true, true, no tiene], [9888, Diego, Ruiz, 666, 1233-12-16, true, false, true, false, true, false, true, no tiene], [696969, eldiego, alba, 696969, 1969-12-12, true, true, true, true, true, true, true, no tiene], [5720535, Enrique, Rubio, 666666, 1997-10-01, true, true, true, false, true, true, true, no tiene], [57205357, a, a, 699, 1987-12-12, true, true, true, true, true, true, true, no tiene]]&gt;" type="java.lang.AssertionError">java.lang.AssertionError: expected:&lt;null&gt; but was:&lt;[[3, Clara, Alba Ruiz, 232323, 2021-12-02, false, false, true, true, true, true, true, no tiene], [666, Carlos, Alba, 66, 1948-12-02, true, true, true, true, true, true, true, no tiene], [9888, Diego, Ruiz, 666, 1233-12-16, true, false, true, false, true, false, true, no tiene], [696969, eldiego, alba, 696969, 1969-12-12, true, true, true, true, true, true, true, no tiene], [5720535, Enrique, Rubio, 666666, 1997-10-01, true, true, true, false, true, true, true, no tiene], [57205357, a, a, 699, 1987-12-12, true, true, true, true, true, true, true, no tiene]]&gt;
	at org.junit.Assert.fail(Assert.java:88)
	at org.junit.Assert.failNotEquals(Assert.java:834)
	at org.junit.Assert.assertEquals(Assert.java:118)
	at org.junit.Assert.assertEquals(Assert.java:144)
	at esi.uclm.gepi.Dominio.GestorPersonaTest.testGetContactos(GestorPersonaTest.java:75)
	at sun.reflect.NativeMethodAccessorImpl.invoke0(Native Method)
	at sun.reflect.NativeMethodAccessorImpl.invoke(NativeMethodAccessorImpl.java:62)
	at sun.reflect.DelegatingMethodAccessorImpl.invoke(DelegatingMethodAccessorImpl.java:43)
	at java.lang.reflect.Method.invoke(Method.java:498)
	at org.junit.runners.model.FrameworkMethod$1.runReflectiveCall(FrameworkMethod.java:50)
	at org.junit.internal.runners.model.ReflectiveCallable.run(ReflectiveCallable.java:12)
	at org.junit.runners.model.FrameworkMethod.invokeExplosively(FrameworkMethod.java:47)
	at org.junit.internal.runners.statements.InvokeMethod.evaluate(InvokeMethod.java:17)
	at org.junit.internal.runners.statements.RunBefores.evaluate(RunBefores.java:26)
	at org.junit.internal.runners.statements.RunAfters.evaluate(RunAfters.java:27)
	at org.junit.runners.ParentRunner.runLeaf(ParentRunner.java:325)
	at org.junit.runners.BlockJUnit4ClassRunner.runChild(BlockJUnit4ClassRunner.java:78)
	at org.junit.runners.BlockJUnit4ClassRunner.runChild(BlockJUnit4ClassRunner.java:57)
	at org.junit.runners.ParentRunner$3.run(ParentRunner.java:290)
	at org.junit.runners.ParentRunner$1.schedule(ParentRunner.java:71)
	at org.junit.runners.ParentRunner.runChildren(ParentRunner.java:288)
	at org.junit.runners.ParentRunner.access$000(ParentRunner.java:58)
	at org.junit.runners.ParentRunner$2.evaluate(ParentRunner.java:268)
	at org.junit.internal.runners.statements.RunBefores.evaluate(RunBefores.java:26)
	at org.junit.internal.runners.statements.RunAfters.evaluate(RunAfters.java:27)
	at org.junit.runners.ParentRunner.run(ParentRunner.java:363)
	at org.apache.maven.surefire.junit4.JUnit4Provider.execute(JUnit4Provider.java:252)
	at org.apache.maven.surefire.junit4.JUnit4Provider.executeTestSet(JUnit4Provider.java:141)
	at org.apache.maven.surefire.junit4.JUnit4Provider.invoke(JUnit4Provider.java:112)
	at sun.reflect.NativeMethodAccessorImpl.invoke0(Native Method)
	at sun.reflect.NativeMethodAccessorImpl.invoke(NativeMethodAccessorImpl.java:62)
	at sun.reflect.DelegatingMethodAccessorImpl.invoke(DelegatingMethodAccessorImpl.java:43)
	at java.lang.reflect.Method.invoke(Method.java:498)
	at org.apache.maven.surefire.util.ReflectionUtils.invokeMethodWithArray(ReflectionUtils.java:189)
	at org.apache.maven.surefire.booter.ProviderFactory$ProviderProxy.invoke(ProviderFactory.java:165)
	at org.apache.maven.surefire.booter.ProviderFactory.invokeProvider(ProviderFactory.java:85)
	at org.apache.maven.surefire.booter.ForkedBooter.runSuitesInProcess(ForkedBooter.java:115)
	at org.apache.maven.surefire.booter.ForkedBooter.main(ForkedBooter.java:75)
</failure>
    <system-out>getContactos
</system-out>
  </testcase>
  <testcase classname="esi.uclm.gepi.Dominio.GestorPersonaTest" name="testInsertarContactos" time="0.146"/>
  <testcase classname="esi.uclm.gepi.Dominio.GestorPersonaTest" name="testGetPersonas_int" time="0.124">
    <failure message="expected:&lt;null&gt; but was:&lt;[[1, Diego, Alba Ruiz, 232323, 2021-12-02, true, true, true, false, true, true, false, no tiene], [2, Enrique, Alba Ruiz, 232323, 2021-12-02, false, true, true, true, true, true, true, no tiene], [3, Clara, Alba Ruiz, 232323, 2021-12-02, false, false, true, true, true, true, true, no tiene], [4, Jesus, Alba Ruiz, 232323, 2021-12-02, false, false, false, true, true, true, true, no tiene], [5, Alex, Alba Ruiz, 232323, 2021-12-02, false, false, false, false, true, true, true, no tiene], [6, Jesucristo, Alba Ruiz, 232323, 2021-12-02, false, false, false, false, false, true, true, no tiene], [7, Valdayo, Alba Ruiz, 232323, 2021-12-02, false, false, false, false, false, false, true, no tiene], [11, a, 1, 5545, 2021-02-02, false, false, false, false, false, false, false, no tiene], [666, Carlos, Alba, 66, 1948-12-02, true, true, true, true, true, true, true, no tiene], [1200, Enrique, Rubio, 662233, 1952-12-03, true, true, true, true, true, true, true, no tiene], [1234, Clara, Sacedon, 6987, 2001-08-19, true, false, false, true, false, true, false, no tiene], [2222, e, e, 5, 1920-10-02, true, true, true, true, true, true, true, no tiene], [9888, Diego, Ruiz, 666, 1233-12-16, true, false, true, false, true, false, true, no tiene], [9969, en, en, 6969, 1997-12-12, true, true, true, true, true, true, true, no tiene], [62000, Alejandro, Paniagua, 65652, 2021-07-31, false, false, false, true, false, true, false, no tiene], [98889, a, a, 6969, 1987-12-12, true, true, true, true, true, true, true, no tiene], [99999, e, e, 69, 1969-12-12, false, false, false, false, false, false, false, no tiene], [657657, Pepe, Rodriguez, 656523, 2021-05-22, true, true, true, true, true, true, true, no tiene], [696969, eldiego, alba, 696969, 1969-12-12, true, true, true, true, true, true, true, no tiene], [5720535, Enrique, Rubio, 666666, 1997-10-01, true, true, true, false, true, true, true, no tiene], [5720536, e, e, 69, 1932-12-06, true, true, true, true, true, true, true, no tiene], [57205357, a, a, 699, 1987-12-12, true, true, true, true, true, true, true, no tiene]]&gt;" type="java.lang.AssertionError">java.lang.AssertionError: expected:&lt;null&gt; but was:&lt;[[1, Diego, Alba Ruiz, 232323, 2021-12-02, true, true, true, false, true, true, false, no tiene], [2, Enrique, Alba Ruiz, 232323, 2021-12-02, false, true, true, true, true, true, true, no tiene], [3, Clara, Alba Ruiz, 232323, 2021-12-02, false, false, true, true, true, true, true, no tiene], [4, Jesus, Alba Ruiz, 232323, 2021-12-02, false, false, false, true, true, true, true, no tiene], [5, Alex, Alba Ruiz, 232323, 2021-12-02, false, false, false, false, true, true, true, no tiene], [6, Jesucristo, Alba Ruiz, 232323, 2021-12-02, false, false, false, false, false, true, true, no tiene], [7, Valdayo, Alba Ruiz, 232323, 2021-12-02, false, false, false, false, false, false, true, no tiene], [11, a, 1, 5545, 2021-02-02, false, false, false, false, false, false, false, no tiene], [666, Carlos, Alba, 66, 1948-12-02, true, true, true, true, true, true, true, no tiene], [1200, Enrique, Rubio, 662233, 1952-12-03, true, true, true, true, true, true, true, no tiene], [1234, Clara, Sacedon, 6987, 2001-08-19, true, false, false, true, false, true, false, no tiene], [2222, e, e, 5, 1920-10-02, true, true, true, true, true, true, true, no tiene], [9888, Diego, Ruiz, 666, 1233-12-16, true, false, true, false, true, false, true, no tiene], [9969, en, en, 6969, 1997-12-12, true, true, true, true, true, true, true, no tiene], [62000, Alejandro, Paniagua, 65652, 2021-07-31, false, false, false, true, false, true, false, no tiene], [98889, a, a, 6969, 1987-12-12, true, true, true, true, true, true, true, no tiene], [99999, e, e, 69, 1969-12-12, false, false, false, false, false, false, false, no tiene], [657657, Pepe, Rodriguez, 656523, 2021-05-22, true, true, true, true, true, true, true, no tiene], [696969, eldiego, alba, 696969, 1969-12-12, true, true, true, true, true, true, true, no tiene], [5720535, Enrique, Rubio, 666666, 1997-10-01, true, true, true, false, true, true, true, no tiene], [5720536, e, e, 69, 1932-12-06, true, true, true, true, true, true, true, no tiene], [57205357, a, a, 699, 1987-12-12, true, true, true, true, true, true, true, no tiene]]&gt;
	at org.junit.Assert.fail(Assert.java:88)
	at org.junit.Assert.failNotEquals(Assert.java:834)
	at org.junit.Assert.assertEquals(Assert.java:118)
	at org.junit.Assert.assertEquals(Assert.java:144)
	at esi.uclm.gepi.Dominio.GestorPersonaTest.testGetPersonas_int(GestorPersonaTest.java:62)
	at sun.reflect.NativeMethodAccessorImpl.invoke0(Native Method)
	at sun.reflect.NativeMethodAccessorImpl.invoke(NativeMethodAccessorImpl.java:62)
	at sun.reflect.DelegatingMethodAccessorImpl.invoke(DelegatingMethodAccessorImpl.java:43)
	at java.lang.reflect.Method.invoke(Method.java:498)
	at org.junit.runners.model.FrameworkMethod$1.runReflectiveCall(FrameworkMethod.java:50)
	at org.junit.internal.runners.model.ReflectiveCallable.run(ReflectiveCallable.java:12)
	at org.junit.runners.model.FrameworkMethod.invokeExplosively(FrameworkMethod.java:47)
	at org.junit.internal.runners.statements.InvokeMethod.evaluate(InvokeMethod.java:17)
	at org.junit.internal.runners.statements.RunBefores.evaluate(RunBefores.java:26)
	at org.junit.internal.runners.statements.RunAfters.evaluate(RunAfters.java:27)
	at org.junit.runners.ParentRunner.runLeaf(ParentRunner.java:325)
	at org.junit.runners.BlockJUnit4ClassRunner.runChild(BlockJUnit4ClassRunner.java:78)
	at org.junit.runners.BlockJUnit4ClassRunner.runChild(BlockJUnit4ClassRunner.java:57)
	at org.junit.runners.ParentRunner$3.run(ParentRunner.java:290)
	at org.junit.runners.ParentRunner$1.schedule(ParentRunner.java:71)
	at org.junit.runners.ParentRunner.runChildren(ParentRunner.java:288)
	at org.junit.runners.ParentRunner.access$000(ParentRunner.java:58)
	at org.junit.runners.ParentRunner$2.evaluate(ParentRunner.java:268)
	at org.junit.internal.runners.statements.RunBefores.evaluate(RunBefores.java:26)
	at org.junit.internal.runners.statements.RunAfters.evaluate(RunAfters.java:27)
	at org.junit.runners.ParentRunner.run(ParentRunner.java:363)
	at org.apache.maven.surefire.junit4.JUnit4Provider.execute(JUnit4Provider.java:252)
	at org.apache.maven.surefire.junit4.JUnit4Provider.executeTestSet(JUnit4Provider.java:141)
	at org.apache.maven.surefire.junit4.JUnit4Provider.invoke(JUnit4Provider.java:112)
	at sun.reflect.NativeMethodAccessorImpl.invoke0(Native Method)
	at sun.reflect.NativeMethodAccessorImpl.invoke(NativeMethodAccessorImpl.java:62)
	at sun.reflect.DelegatingMethodAccessorImpl.invoke(DelegatingMethodAccessorImpl.java:43)
	at java.lang.reflect.Method.invoke(Method.java:498)
	at org.apache.maven.surefire.util.ReflectionUtils.invokeMethodWithArray(ReflectionUtils.java:189)
	at org.apache.maven.surefire.booter.ProviderFactory$ProviderProxy.invoke(ProviderFactory.java:165)
	at org.apache.maven.surefire.booter.ProviderFactory.invokeProvider(ProviderFactory.java:85)
	at org.apache.maven.surefire.booter.ForkedBooter.runSuitesInProcess(ForkedBooter.java:115)
	at org.apache.maven.surefire.booter.ForkedBooter.main(ForkedBooter.java:75)
</failure>
    <system-out>getPersonas
</system-out>
  </testcase>
</testsuite>