<?xml version="1.0" encoding="UTF-8" ?>
<testsuite tests="12" failures="0" name="esi.uclm.gepi.Dominio.EnfermedadTest" time="0.017" errors="0" skipped="0">
  <properties>
[...]
</properties>
  <testcase classname="esi.uclm.gepi.Dominio.EnfermedadTest" name="testSetVacunas" time="0.012"/>
  <testcase classname="esi.uclm.gepi.Dominio.EnfermedadTest" name="testIsConfinamiento" time="0.001"/>
  <testcase classname="esi.uclm.gepi.Dominio.EnfermedadTest" name="testGetTemporalidad" time="0"/>
  <testcase classname="esi.uclm.gepi.Dominio.EnfermedadTest" name="testGetMedicinas" time="0"/>
  <testcase classname="esi.uclm.gepi.Dominio.EnfermedadTest" name="testSetTemporalidad" time="0"/>
  <testcase classname="esi.uclm.gepi.Dominio.EnfermedadTest" name="testSetMedicinas" time="0"/>
  <testcase classname="esi.uclm.gepi.Dominio.EnfermedadTest" name="testGetVacunas" time="0.003"/>
  <testcase classname="esi.uclm.gepi.Dominio.EnfermedadTest" name="testSetConfinamiento" time="0"/>
  <testcase classname="esi.uclm.gepi.Dominio.EnfermedadTest" name="testSetNombre" time="0"/>
  <testcase classname="esi.uclm.gepi.Dominio.EnfermedadTest" name="testGetNombre" time="0"/>
  <testcase classname="esi.uclm.gepi.Dominio.EnfermedadTest" name="testSetSintomas" time="0"/>
  <testcase classname="esi.uclm.gepi.Dominio.EnfermedadTest" name="testGetSintomas" time="0.001"/>
</testsuite>